<?xml version="1.0" encoding="UTF-8"?>
<!-- Generated by org.testng.reporters.JUnitReportReporter -->
<testsuite hostname="DESKTOP-T73090F" name="org.automation.workstatus.testcases.TC__001_ValidateLoginFunctionality" tests="1" failures="0" timestamp="5 Jul 2023 13:50:04 GMT" time="14.623" errors="0">
  <testcase name="tc_001login_functionality" time="14.623" classname="org.automation.workstatus.testcases.TC__001_ValidateLoginFunctionality"/>
</testsuite> <!-- org.automation.workstatus.testcases.TC__001_ValidateLoginFunctionality -->
